00000000000i[      ] Bochs x86 Emulator 2.7
00000000000i[      ]   Built from SVN snapshot on August  1, 2021
00000000000i[      ]   Timestamp: Sun Aug  1 10:07:00 CEST 2021
00000000000i[      ] System configuration
00000000000i[      ]   processors: 1 (cores=1, HT threads=1)
00000000000i[      ]   A20 line support: yes
00000000000i[      ] IPS is set to 4000000
00000000000i[      ] CPU configuration
00000000000i[      ]   SMP support: no
00000000000i[      ]   level: 6
00000000000i[      ]   APIC support: xapic
00000000000i[      ]   FPU support: yes
00000000000i[      ]   MMX support: yes
00000000000i[      ]   3dnow! support: no
00000000000i[      ]   SEP support: yes
00000000000i[      ]   SIMD support: sse2
00000000000i[      ]   XSAVE support: no 
00000000000i[      ]   AES support: no
00000000000i[      ]   SHA support: no
00000000000i[      ]   MOVBE support: no
00000000000i[      ]   ADX support: no
00000000000i[      ]   x86-64 support: no
00000000000i[      ]   MWAIT support: yes
00000000000i[      ] Optimization configuration
00000000000i[      ]   RepeatSpeedups support: no
00000000000i[      ]   Fast function calls: no
00000000000i[      ]   Handlers Chaining speedups: no
00000000000i[      ] Devices configuration
00000000000i[      ]   PCI support: i440FX i430FX i440BX
00000000000i[      ]   Networking: no
00000000000i[      ]   Sound support: no
00000000000i[      ]   USB support: no
00000000000i[      ]   VGA extension support: vbe
00000000000i[IMG   ] Disk image modules
00000000000i[IMG   ]   flat concat sparse dll growing undoable volatile vmware3
00000000000i[IMG   ]   vmware4 vbox vpc vvfat
00000000000i[MEM0  ] allocated memory at 0x76c72dbdd010. after alignment, vector=0x76c72dbde000
00000000000i[MEM0  ] 512.00MB
00000000000i[MEM0  ] mem block size = 0x00020000, blocks=4096
00000000000i[MEM0  ] rom at 0xfffe0000/131072 ('//usr/local/share/bochs/BIOS-bochs-latest')
00000000000i[DEV   ] will paste characters every 100 iodev timer ticks
00000000000i[PLUGIN] init_dev of 'pci' plugin device by virtual method
00000000000i[DEV   ] i440FX PMC present at device 0, function 0
00000000000i[PLUGIN] init_dev of 'pci2isa' plugin device by virtual method
00000000000i[DEV   ] PIIX3 PCI-to-ISA bridge present at device 1, function 0
00000000000i[PLUGIN] init_dev of 'cmos' plugin device by virtual method
00000000000i[CMOS  ] Using local time for initial clock
00000000000i[CMOS  ] Setting initial clock to: Mon Jan 29 00:14:42 2024 (time0=1706458482)
00000000000i[PLUGIN] init_dev of 'dma' plugin device by virtual method
00000000000i[DMA   ] channel 4 used by cascade
00000000000i[PLUGIN] init_dev of 'pic' plugin device by virtual method
00000000000i[PLUGIN] init_dev of 'pit' plugin device by virtual method
00000000000i[PLUGIN] init_dev of 'vga' plugin device by virtual method
00000000000i[MEM0  ] Register memory access handlers: 0x0000000a0000 - 0x0000000bffff
00000000000i[VGA   ] interval=200000, mode=realtime
00000000000i[VGA   ] VSYNC using standard mode
00000000000i[MEM0  ] Register memory access handlers: 0x0000e0000000 - 0x0000e0ffffff
00000000000i[BXVGA ] VBE Bochs Display Extension Enabled
00000000000i[XGUI  ] test_alloc_colors: 16 colors available out of 16 colors tried
00000000000i[XGUI  ] font 8 wide x 16 high, display depth = 24
00000000000i[KEYMAP] Loading keymap from '/usr/local/share/bochs/keymaps/x11-pc-us.map'
00000000000i[KEYMAP] Loaded 168 symbols
00000000000i[XGUI  ] maximum host resolution: x=1920 y=1030
00000000000i[MEM0  ] rom at 0xc0000/38400 ('/usr/local/share/bochs/VGABIOS-lgpl-latest')
00000000000i[PLUGIN] init_dev of 'floppy' plugin device by virtual method
00000000000i[DMA   ] channel 2 used by Floppy Drive
00000000000i[FLOPPY] Using boot sequence disk, none, none
00000000000i[FLOPPY] Floppy boot signature check is enabled
00000000000i[PLUGIN] init_dev of 'acpi' plugin device by virtual method
00000000000i[DEV   ] ACPI Controller present at device 1, function 3
00000000000i[PLUGIN] init_dev of 'hpet' plugin device by virtual method
00000000000i[HPET  ] initializing HPET
00000000000i[MEM0  ] Register memory access handlers: 0x0000fed00000 - 0x0000fed003ff
00000000000i[PLUGIN] init_dev of 'ioapic' plugin device by virtual method
00000000000i[IOAPIC] initializing I/O APIC
00000000000i[MEM0  ] Register memory access handlers: 0x0000fec00000 - 0x0000fec00fff
00000000000i[IOAPIC] IOAPIC enabled (base address = 0xfec00000)
00000000000i[PLUGIN] init_dev of 'keyboard' plugin device by virtual method
00000000000i[PLUGIN] init_dev of 'harddrv' plugin device by virtual method
00000000000i[HD    ] HD on ata0-0: './MBR.img', 'flat' mode
00000000000i[IMG   ] hd_size: 10321920
00000000000i[HD    ] ata0-0: using specified geometry: CHS=20/16/63 (sector size=512)
00000000000i[HD    ] translation on ata0-0 set to 'none'
00000000000i[PLUGIN] init_dev of 'pci_ide' plugin device by virtual method
00000000000i[DEV   ] PIIX3 PCI IDE controller present at device 1, function 1
00000000000i[PLUGIN] init_dev of 'unmapped' plugin device by virtual method
00000000000i[PLUGIN] init_dev of 'biosdev' plugin device by virtual method
00000000000i[PLUGIN] init_dev of 'speaker' plugin device by virtual method
00000000000e[PCSPK ] Failed to open /dev/console: 权限不够
00000000000e[PCSPK ] Deactivating beep on console
00000000000i[PLUGIN] init_dev of 'extfpuirq' plugin device by virtual method
00000000000i[PLUGIN] init_dev of 'parallel' plugin device by virtual method
00000000000i[PAR   ] parallel port 1 at 0x0378 irq 7
00000000000i[PLUGIN] init_dev of 'serial' plugin device by virtual method
00000000000i[SER   ] com1 at 0x03f8 irq 4 (mode: null)
00000000000i[PLUGIN] init_dev of 'iodebug' plugin device by virtual method
00000000000i[PLUGIN] register state of 'pci' plugin device by virtual method
00000000000i[PLUGIN] register state of 'pci2isa' plugin device by virtual method
00000000000i[PLUGIN] register state of 'cmos' plugin device by virtual method
00000000000i[PLUGIN] register state of 'dma' plugin device by virtual method
00000000000i[PLUGIN] register state of 'pic' plugin device by virtual method
00000000000i[PLUGIN] register state of 'pit' plugin device by virtual method
00000000000i[PLUGIN] register state of 'vga' plugin device by virtual method
00000000000i[PLUGIN] register state of 'floppy' plugin device by virtual method
00000000000i[PLUGIN] register state of 'unmapped' plugin device by virtual method
00000000000i[PLUGIN] register state of 'biosdev' plugin device by virtual method
00000000000i[PLUGIN] register state of 'speaker' plugin device by virtual method
00000000000i[PLUGIN] register state of 'extfpuirq' plugin device by virtual method
00000000000i[PLUGIN] register state of 'parallel' plugin device by virtual method
00000000000i[PLUGIN] register state of 'serial' plugin device by virtual method
00000000000i[PLUGIN] register state of 'iodebug' plugin device by virtual method
00000000000i[PLUGIN] register state of 'acpi' plugin device by virtual method
00000000000i[PLUGIN] register state of 'hpet' plugin device by virtual method
00000000000i[PLUGIN] register state of 'ioapic' plugin device by virtual method
00000000000i[PLUGIN] register state of 'keyboard' plugin device by virtual method
00000000000i[PLUGIN] register state of 'harddrv' plugin device by virtual method
00000000000i[PLUGIN] register state of 'pci_ide' plugin device by virtual method
00000000000i[SYS   ] bx_pc_system_c::Reset(HARDWARE) called
00000000000i[CPU0  ] cpu hardware reset
00000000000i[APIC0 ] allocate APIC id=0 (MMIO enabled) to 0x0000fee00000
00000000000i[CPU0  ] CPUID[0x00000000]: 00000005 756e6547 6c65746e 49656e69
00000000000i[CPU0  ] CPUID[0x00000001]: 00000633 00010800 00000008 0fcbfbff
00000000000i[CPU0  ] CPUID[0x00000002]: 00410601 00000000 00000000 00000000
00000000000i[CPU0  ] CPUID[0x00000003]: 00000000 00000000 00000000 00000000
00000000000i[CPU0  ] CPUID[0x00000004]: 00000000 00000000 00000000 00000000
00000000000i[CPU0  ] CPUID[0x00000005]: 00000040 00000040 00000003 00000020
00000000000i[CPU0  ] CPUID[0x80000000]: 80000008 00000000 00000000 00000000
00000000000i[CPU0  ] CPUID[0x80000001]: 00000000 00000000 00000000 00000000
00000000000i[CPU0  ] CPUID[0x80000002]: 20202020 20202020 20202020 6e492020
00000000000i[CPU0  ] CPUID[0x80000003]: 286c6574 50202952 69746e65 52286d75
00000000000i[CPU0  ] CPUID[0x80000004]: 20342029 20555043 20202020 00202020
00000000000i[CPU0  ] CPUID[0x80000005]: 01ff01ff 01ff01ff 40020140 40020140
00000000000i[CPU0  ] CPUID[0x80000006]: 00000000 42004200 02008140 00000000
00000000000i[CPU0  ] CPUID[0x80000007]: 00000000 00000000 00000000 00000000
00000000000i[CPU0  ] CPUID[0x80000008]: 00002028 00000000 00000000 00000000
00000000000i[CPU0  ] CPU Features supported:
00000000000i[CPU0  ] 		x87
00000000000i[CPU0  ] 		486ni
00000000000i[CPU0  ] 		pentium_ni
00000000000i[CPU0  ] 		p6ni
00000000000i[CPU0  ] 		mmx
00000000000i[CPU0  ] 		debugext
00000000000i[CPU0  ] 		vme
00000000000i[CPU0  ] 		pse
00000000000i[CPU0  ] 		pae
00000000000i[CPU0  ] 		pge
00000000000i[CPU0  ] 		pse36
00000000000i[CPU0  ] 		mtrr
00000000000i[CPU0  ] 		pat
00000000000i[CPU0  ] 		sysenter_sysexit
00000000000i[CPU0  ] 		clflush
00000000000i[CPU0  ] 		sse
00000000000i[CPU0  ] 		sse2
00000000000i[CPU0  ] 		mwait
00000000000i[CPU0  ] 		xapic
00000000000i[PLUGIN] reset of 'pci' plugin device by virtual method
00000000000i[PLUGIN] reset of 'pci2isa' plugin device by virtual method
00000000000i[PLUGIN] reset of 'cmos' plugin device by virtual method
00000000000i[PLUGIN] reset of 'dma' plugin device by virtual method
00000000000i[PLUGIN] reset of 'pic' plugin device by virtual method
00000000000i[PLUGIN] reset of 'pit' plugin device by virtual method
00000000000i[PLUGIN] reset of 'vga' plugin device by virtual method
00000000000i[PLUGIN] reset of 'floppy' plugin device by virtual method
00000000000i[PLUGIN] reset of 'acpi' plugin device by virtual method
00000000000i[PLUGIN] reset of 'hpet' plugin device by virtual method
00000000000i[PLUGIN] reset of 'ioapic' plugin device by virtual method
00000000000i[PLUGIN] reset of 'keyboard' plugin device by virtual method
00000000000i[PLUGIN] reset of 'harddrv' plugin device by virtual method
00000000000i[PLUGIN] reset of 'pci_ide' plugin device by virtual method
00000000000i[PLUGIN] reset of 'unmapped' plugin device by virtual method
00000000000i[PLUGIN] reset of 'biosdev' plugin device by virtual method
00000000000i[PLUGIN] reset of 'speaker' plugin device by virtual method
00000000000i[PLUGIN] reset of 'extfpuirq' plugin device by virtual method
00000000000i[PLUGIN] reset of 'parallel' plugin device by virtual method
00000000000i[PLUGIN] reset of 'serial' plugin device by virtual method
00000000000i[PLUGIN] reset of 'iodebug' plugin device by virtual method
00000000000i[      ] set SIGINT handler to bx_debug_ctrlc_handler
00000004662i[BIOS  ] $Revision: 14314 $ $Date: 2021-07-14 18:10:19 +0200 (Wed, 14 Jul 2021) $
00000318056i[KBD   ] reset-disable command received
00000320838i[BIOS  ] Starting rombios32
00000321276i[BIOS  ] Shutdown flag 0
00000321884i[BIOS  ] ram_size=0x20000000
00000322339i[BIOS  ] ram_end=512MB
00000363084i[BIOS  ] Found 1 cpu(s)
00000376737i[BIOS  ] bios_table_addr: 0x000f9d98 end=0x000fcc00
00000612432i[XGUI  ] charmap update. Font is 9 x 16
00000704553i[PCI   ] i440FX PMC write to PAM register 59 (TLB Flush)
00001032488i[P2ISA ] PCI IRQ routing: PIRQA# set to 0x0b
00001032512i[P2ISA ] PCI IRQ routing: PIRQB# set to 0x09
00001032536i[P2ISA ] PCI IRQ routing: PIRQC# set to 0x0b
00001032560i[P2ISA ] PCI IRQ routing: PIRQD# set to 0x09
00001032570i[P2ISA ] write: ELCR2 = 0x0a
00001033339i[BIOS  ] PIIX3/PIIX4 init: elcr=00 0a
00001046961i[BIOS  ] PCI: bus=0 devfn=0x00: vendor_id=0x8086 device_id=0x1237 class=0x0600
00001049305i[BIOS  ] PCI: bus=0 devfn=0x08: vendor_id=0x8086 device_id=0x7000 class=0x0601
00001051488i[BIOS  ] PCI: bus=0 devfn=0x09: vendor_id=0x8086 device_id=0x7010 class=0x0101
00001051723i[PIDE  ] BAR #4: i/o base address = 0xc000
00001052339i[BIOS  ] region 4: 0x0000c000
00001054397i[BIOS  ] PCI: bus=0 devfn=0x0b: vendor_id=0x8086 device_id=0x7113 class=0x0680
00001054673i[ACPI  ] new IRQ line = 11
00001054687i[ACPI  ] new IRQ line = 9
00001054715i[ACPI  ] new PM base address: 0xb000
00001054729i[ACPI  ] new SM base address: 0xb100
00001054757i[PCI   ] setting SMRAM control register to 0x4a
00001218892i[CPU0  ] Enter to System Management Mode
00001218903i[CPU0  ] RSM: Resuming from System Management Mode
00001382959i[PCI   ] setting SMRAM control register to 0x0a
00001409575i[BIOS  ] MP table addr=0x000f9e70 MPC table addr=0x000f9da0 size=0xc8
00001411282i[BIOS  ] SMBIOS table addr=0x000f9e80
00001413381i[BIOS  ] ACPI tables: RSDP addr=0x000f9fa0 ACPI DATA addr=0x1fff0000 size=0xff8
00001416388i[BIOS  ] Firmware waking vector 0x1fff00cc
00001418642i[PCI   ] i440FX PMC write to PAM register 59 (TLB Flush)
00001419372i[BIOS  ] bios_table_cur_addr: 0x000f9fc4
00001537492i[VBIOS ] VGABios $Id: vgabios.c 288 2021-05-28 19:05:28Z vruppert $
00001537563i[BXVGA ] VBE known Display Interface b0c0
00001537595i[BXVGA ] VBE known Display Interface b0c5
00001540238i[VBIOS ] VBE Bios $Id: vbe.c 292 2021-06-03 12:24:22Z vruppert $
00001768879i[BIOS  ] ata0-0: PCHS=20/16/63 translation=none LCHS=20/16/63
00003714992i[XGUI  ] charmap update. Font is 9 x 16
00005202811i[BIOS  ] IDE time out
00017178817i[BIOS  ] Booting from 0000:7c00
00017227574i[CPU0  ] [17227574] Stopped on MAGIC BREAKPOINT
00017227574i[XGUI  ] charmap update. Font is 9 x 16
00017258329e[CPU0  ] write_virtual_checks(): write beyond limit, r/w
00017258329e[CPU0  ] interrupt(): gate descriptor is not valid sys seg (vector=0x0d)
00017258329e[CPU0  ] interrupt(): gate descriptor is not valid sys seg (vector=0x08)
00017258329i[CPU0  ] CPU is in protected mode (active)
00017258329i[CPU0  ] CS.mode = 32 bit
00017258329i[CPU0  ] SS.mode = 32 bit
00017258329i[CPU0  ] EFER   = 0x00000000
00017258329i[CPU0  ] | EAX=02000007  EBX=00000400  ECX=0001e000  EDX=00000000
00017258329i[CPU0  ] | ESP=000001fb  EBP=00000000  ESI=00000001  EDI=00008000
00017258329i[CPU0  ] | IOPL=0 id vip vif ac vm RF nt of df if tf sf zf af pf cf
00017258329i[CPU0  ] | SEG sltr(index|ti|rpl)     base    limit G D
00017258329i[CPU0  ] |  CS:0020( 0004| 0|  0) 000005e4 0000ffff 0 1
00017258329i[CPU0  ] |  DS:0030( 0006| 0|  0) 00000160 00000179 0 0
00017258329i[CPU0  ] |  SS:0038( 0007| 0|  0) 000002e0 000001ff 0 1
00017258329i[CPU0  ] |  ES:0018( 0003| 0|  0) 00201000 00007fff 0 0
00017258329i[CPU0  ] |  FS:0000( 0005| 0|  0) 00000000 0000ffff 0 0
00017258329i[CPU0  ] |  GS:0040( 0008| 0|  0) 000b8000 0000ffff 0 0
00017258329i[CPU0  ] | EIP=0000008b (0000008b)
00017258329i[CPU0  ] | CR0=0x60000011 CR2=0x00000000
00017258329i[CPU0  ] | CR3=0x00000000 CR4=0x00000000
00017258329e[CPU0  ] exception(): 3rd (13) exception with no resolution, shutdown status is 00h, resetting
00017258329i[SYS   ] bx_pc_system_c::Reset(HARDWARE) called
00017258329i[CPU0  ] cpu hardware reset
00017258329i[APIC0 ] allocate APIC id=0 (MMIO enabled) to 0x0000fee00000
00017258329i[CPU0  ] CPUID[0x00000000]: 00000005 756e6547 6c65746e 49656e69
00017258329i[CPU0  ] CPUID[0x00000001]: 00000633 00010800 00000008 0fcbfbff
00017258329i[CPU0  ] CPUID[0x00000002]: 00410601 00000000 00000000 00000000
00017258329i[CPU0  ] CPUID[0x00000003]: 00000000 00000000 00000000 00000000
00017258329i[CPU0  ] CPUID[0x00000004]: 00000000 00000000 00000000 00000000
00017258329i[CPU0  ] CPUID[0x00000005]: 00000040 00000040 00000003 00000020
00017258329i[CPU0  ] CPUID[0x80000000]: 80000008 00000000 00000000 00000000
00017258329i[CPU0  ] CPUID[0x80000001]: 00000000 00000000 00000000 00000000
00017258329i[CPU0  ] CPUID[0x80000002]: 20202020 20202020 20202020 6e492020
00017258329i[CPU0  ] CPUID[0x80000003]: 286c6574 50202952 69746e65 52286d75
00017258329i[CPU0  ] CPUID[0x80000004]: 20342029 20555043 20202020 00202020
00017258329i[CPU0  ] CPUID[0x80000005]: 01ff01ff 01ff01ff 40020140 40020140
00017258329i[CPU0  ] CPUID[0x80000006]: 00000000 42004200 02008140 00000000
00017258329i[CPU0  ] CPUID[0x80000007]: 00000000 00000000 00000000 00000000
00017258329i[CPU0  ] CPUID[0x80000008]: 00002028 00000000 00000000 00000000
00017258329i[CPU0  ] CPU Features supported:
00017258329i[CPU0  ] 		x87
00017258329i[CPU0  ] 		486ni
00017258329i[CPU0  ] 		pentium_ni
00017258329i[CPU0  ] 		p6ni
00017258329i[CPU0  ] 		mmx
00017258329i[CPU0  ] 		debugext
00017258329i[CPU0  ] 		vme
00017258329i[CPU0  ] 		pse
00017258329i[CPU0  ] 		pae
00017258329i[CPU0  ] 		pge
00017258329i[CPU0  ] 		pse36
00017258329i[CPU0  ] 		mtrr
00017258329i[CPU0  ] 		pat
00017258329i[CPU0  ] 		sysenter_sysexit
00017258329i[CPU0  ] 		clflush
00017258329i[CPU0  ] 		sse
00017258329i[CPU0  ] 		sse2
00017258329i[CPU0  ] 		mwait
00017258329i[CPU0  ] 		xapic
00017258329i[PLUGIN] reset of 'pci' plugin device by virtual method
00017258329i[PLUGIN] reset of 'pci2isa' plugin device by virtual method
00017258329i[PLUGIN] reset of 'cmos' plugin device by virtual method
00017258329i[PLUGIN] reset of 'dma' plugin device by virtual method
00017258329i[PLUGIN] reset of 'pic' plugin device by virtual method
00017258329i[PLUGIN] reset of 'pit' plugin device by virtual method
00017258329i[PLUGIN] reset of 'vga' plugin device by virtual method
00017258329i[PLUGIN] reset of 'floppy' plugin device by virtual method
00017258329i[PLUGIN] reset of 'acpi' plugin device by virtual method
00017258329i[PLUGIN] reset of 'hpet' plugin device by virtual method
00017258329i[PLUGIN] reset of 'ioapic' plugin device by virtual method
00017258329i[PLUGIN] reset of 'keyboard' plugin device by virtual method
00017258329i[PLUGIN] reset of 'harddrv' plugin device by virtual method
00017258329i[PLUGIN] reset of 'pci_ide' plugin device by virtual method
00017258329i[PLUGIN] reset of 'unmapped' plugin device by virtual method
00017258329i[PLUGIN] reset of 'biosdev' plugin device by virtual method
00017258329i[PLUGIN] reset of 'speaker' plugin device by virtual method
00017258329i[PLUGIN] reset of 'extfpuirq' plugin device by virtual method
00017258329i[PLUGIN] reset of 'parallel' plugin device by virtual method
00017258329i[PLUGIN] reset of 'serial' plugin device by virtual method
00017258329i[PLUGIN] reset of 'iodebug' plugin device by virtual method
00017262992i[BIOS  ] $Revision: 14314 $ $Date: 2021-07-14 18:10:19 +0200 (Wed, 14 Jul 2021) $
00017576044i[KBD   ] reset-disable command received
00017578826i[BIOS  ] Starting rombios32
00017579264i[BIOS  ] Shutdown flag 0
00017579872i[BIOS  ] ram_size=0x20000000
00017580327i[BIOS  ] ram_end=512MB
00017621063i[BIOS  ] Found 1 cpu(s)
00017634716i[BIOS  ] bios_table_addr: 0x000f9d98 end=0x000fcc00
00017962532i[PCI   ] i440FX PMC write to PAM register 59 (TLB Flush)
00018290467i[P2ISA ] PCI IRQ routing: PIRQA# set to 0x0b
00018290491i[P2ISA ] PCI IRQ routing: PIRQB# set to 0x09
00018290515i[P2ISA ] PCI IRQ routing: PIRQC# set to 0x0b
00018290539i[P2ISA ] PCI IRQ routing: PIRQD# set to 0x09
00018290549i[P2ISA ] write: ELCR2 = 0x0a
00018291318i[BIOS  ] PIIX3/PIIX4 init: elcr=00 0a
00018304940i[BIOS  ] PCI: bus=0 devfn=0x00: vendor_id=0x8086 device_id=0x1237 class=0x0600
00018307284i[BIOS  ] PCI: bus=0 devfn=0x08: vendor_id=0x8086 device_id=0x7000 class=0x0601
00018309467i[BIOS  ] PCI: bus=0 devfn=0x09: vendor_id=0x8086 device_id=0x7010 class=0x0101
00018310318i[BIOS  ] region 4: 0x0000c000
00018312376i[BIOS  ] PCI: bus=0 devfn=0x0b: vendor_id=0x8086 device_id=0x7113 class=0x0680
00018312652i[ACPI  ] new IRQ line = 11
00018312666i[ACPI  ] new IRQ line = 9
00018312736i[PCI   ] setting SMRAM control register to 0x4a
00018476871i[CPU0  ] Enter to System Management Mode
00018476882i[CPU0  ] RSM: Resuming from System Management Mode
00018640938i[PCI   ] setting SMRAM control register to 0x0a
00018667554i[BIOS  ] MP table addr=0x000f9e70 MPC table addr=0x000f9da0 size=0xc8
00018669261i[BIOS  ] SMBIOS table addr=0x000f9e80
00018671360i[BIOS  ] ACPI tables: RSDP addr=0x000f9fa0 ACPI DATA addr=0x1fff0000 size=0xff8
00018674367i[BIOS  ] Firmware waking vector 0x1fff00cc
00018676621i[PCI   ] i440FX PMC write to PAM register 59 (TLB Flush)
00018677351i[BIOS  ] bios_table_cur_addr: 0x000f9fc4
00018795471i[VBIOS ] VGABios $Id: vgabios.c 288 2021-05-28 19:05:28Z vruppert $
00018795542i[BXVGA ] VBE known Display Interface b0c0
00018795574i[BXVGA ] VBE known Display Interface b0c5
00018798217i[VBIOS ] VBE Bios $Id: vbe.c 292 2021-06-03 12:24:22Z vruppert $
00019026858i[BIOS  ] ata0-0: PCHS=20/16/63 translation=none LCHS=20/16/63
00022460790i[BIOS  ] IDE time out
00034417170i[BIOS  ] Booting from 0000:7c00
00034465927i[CPU0  ] [34465927] Stopped on MAGIC BREAKPOINT
00034465927i[XGUI  ] charmap update. Font is 9 x 16
00034496682e[CPU0  ] write_virtual_checks(): write beyond limit, r/w
00034496682e[CPU0  ] interrupt(): gate descriptor is not valid sys seg (vector=0x0d)
00034496682e[CPU0  ] interrupt(): gate descriptor is not valid sys seg (vector=0x08)
00034496682i[CPU0  ] CPU is in protected mode (active)
00034496682i[CPU0  ] CS.mode = 32 bit
00034496682i[CPU0  ] SS.mode = 32 bit
00034496682i[CPU0  ] EFER   = 0x00000000
00034496682i[CPU0  ] | EAX=02000007  EBX=00000400  ECX=0001e000  EDX=00000000
00034496682i[CPU0  ] | ESP=000001fb  EBP=00000000  ESI=00000001  EDI=00008000
00034496682i[CPU0  ] | IOPL=0 id vip vif ac vm RF nt of df if tf sf zf af pf cf
00034496682i[CPU0  ] | SEG sltr(index|ti|rpl)     base    limit G D
00034496682i[CPU0  ] |  CS:0020( 0004| 0|  0) 000005e4 0000ffff 0 1
00034496682i[CPU0  ] |  DS:0030( 0006| 0|  0) 00000160 00000179 0 0
00034496682i[CPU0  ] |  SS:0038( 0007| 0|  0) 000002e0 000001ff 0 1
00034496682i[CPU0  ] |  ES:0018( 0003| 0|  0) 00201000 00007fff 0 0
00034496682i[CPU0  ] |  FS:0000( 0005| 0|  0) 00000000 0000ffff 0 0
00034496682i[CPU0  ] |  GS:0040( 0008| 0|  0) 000b8000 0000ffff 0 0
00034496682i[CPU0  ] | EIP=0000008b (0000008b)
00034496682i[CPU0  ] | CR0=0x60000011 CR2=0x00000000
00034496682i[CPU0  ] | CR3=0x00000000 CR4=0x00000000
00034496682e[CPU0  ] exception(): 3rd (13) exception with no resolution, shutdown status is 00h, resetting
00034496682i[SYS   ] bx_pc_system_c::Reset(HARDWARE) called
00034496682i[CPU0  ] cpu hardware reset
00034496682i[APIC0 ] allocate APIC id=0 (MMIO enabled) to 0x0000fee00000
00034496682i[CPU0  ] CPUID[0x00000000]: 00000005 756e6547 6c65746e 49656e69
00034496682i[CPU0  ] CPUID[0x00000001]: 00000633 00010800 00000008 0fcbfbff
00034496682i[CPU0  ] CPUID[0x00000002]: 00410601 00000000 00000000 00000000
00034496682i[CPU0  ] CPUID[0x00000003]: 00000000 00000000 00000000 00000000
00034496682i[CPU0  ] CPUID[0x00000004]: 00000000 00000000 00000000 00000000
00034496682i[CPU0  ] CPUID[0x00000005]: 00000040 00000040 00000003 00000020
00034496682i[CPU0  ] CPUID[0x80000000]: 80000008 00000000 00000000 00000000
00034496682i[CPU0  ] CPUID[0x80000001]: 00000000 00000000 00000000 00000000
00034496682i[CPU0  ] CPUID[0x80000002]: 20202020 20202020 20202020 6e492020
00034496682i[CPU0  ] CPUID[0x80000003]: 286c6574 50202952 69746e65 52286d75
00034496682i[CPU0  ] CPUID[0x80000004]: 20342029 20555043 20202020 00202020
00034496682i[CPU0  ] CPUID[0x80000005]: 01ff01ff 01ff01ff 40020140 40020140
00034496682i[CPU0  ] CPUID[0x80000006]: 00000000 42004200 02008140 00000000
00034496682i[CPU0  ] CPUID[0x80000007]: 00000000 00000000 00000000 00000000
00034496682i[CPU0  ] CPUID[0x80000008]: 00002028 00000000 00000000 00000000
00034496682i[CPU0  ] CPU Features supported:
00034496682i[CPU0  ] 		x87
00034496682i[CPU0  ] 		486ni
00034496682i[CPU0  ] 		pentium_ni
00034496682i[CPU0  ] 		p6ni
00034496682i[CPU0  ] 		mmx
00034496682i[CPU0  ] 		debugext
00034496682i[CPU0  ] 		vme
00034496682i[CPU0  ] 		pse
00034496682i[CPU0  ] 		pae
00034496682i[CPU0  ] 		pge
00034496682i[CPU0  ] 		pse36
00034496682i[CPU0  ] 		mtrr
00034496682i[CPU0  ] 		pat
00034496682i[CPU0  ] 		sysenter_sysexit
00034496682i[CPU0  ] 		clflush
00034496682i[CPU0  ] 		sse
00034496682i[CPU0  ] 		sse2
00034496682i[CPU0  ] 		mwait
00034496682i[CPU0  ] 		xapic
00034496682i[PLUGIN] reset of 'pci' plugin device by virtual method
00034496682i[PLUGIN] reset of 'pci2isa' plugin device by virtual method
00034496682i[PLUGIN] reset of 'cmos' plugin device by virtual method
00034496682i[PLUGIN] reset of 'dma' plugin device by virtual method
00034496682i[PLUGIN] reset of 'pic' plugin device by virtual method
00034496682i[PLUGIN] reset of 'pit' plugin device by virtual method
00034496682i[PLUGIN] reset of 'vga' plugin device by virtual method
00034496682i[PLUGIN] reset of 'floppy' plugin device by virtual method
00034496682i[PLUGIN] reset of 'acpi' plugin device by virtual method
00034496682i[PLUGIN] reset of 'hpet' plugin device by virtual method
00034496682i[PLUGIN] reset of 'ioapic' plugin device by virtual method
00034496682i[PLUGIN] reset of 'keyboard' plugin device by virtual method
00034496682i[PLUGIN] reset of 'harddrv' plugin device by virtual method
00034496682i[PLUGIN] reset of 'pci_ide' plugin device by virtual method
00034496682i[PLUGIN] reset of 'unmapped' plugin device by virtual method
00034496682i[PLUGIN] reset of 'biosdev' plugin device by virtual method
00034496682i[PLUGIN] reset of 'speaker' plugin device by virtual method
00034496682i[PLUGIN] reset of 'extfpuirq' plugin device by virtual method
00034496682i[PLUGIN] reset of 'parallel' plugin device by virtual method
00034496682i[PLUGIN] reset of 'serial' plugin device by virtual method
00034496682i[PLUGIN] reset of 'iodebug' plugin device by virtual method
00034501345i[BIOS  ] $Revision: 14314 $ $Date: 2021-07-14 18:10:19 +0200 (Wed, 14 Jul 2021) $
00034815043i[KBD   ] reset-disable command received
00034817825i[BIOS  ] Starting rombios32
00034818263i[BIOS  ] Shutdown flag 0
00034818871i[BIOS  ] ram_size=0x20000000
00034819326i[BIOS  ] ram_end=512MB
00034860080i[BIOS  ] Found 1 cpu(s)
00034873733i[BIOS  ] bios_table_addr: 0x000f9d98 end=0x000fcc00
00035201549i[PCI   ] i440FX PMC write to PAM register 59 (TLB Flush)
00035529484i[P2ISA ] PCI IRQ routing: PIRQA# set to 0x0b
00035529508i[P2ISA ] PCI IRQ routing: PIRQB# set to 0x09
00035529532i[P2ISA ] PCI IRQ routing: PIRQC# set to 0x0b
00035529556i[P2ISA ] PCI IRQ routing: PIRQD# set to 0x09
00035529566i[P2ISA ] write: ELCR2 = 0x0a
00035530335i[BIOS  ] PIIX3/PIIX4 init: elcr=00 0a
00035543957i[BIOS  ] PCI: bus=0 devfn=0x00: vendor_id=0x8086 device_id=0x1237 class=0x0600
00035546301i[BIOS  ] PCI: bus=0 devfn=0x08: vendor_id=0x8086 device_id=0x7000 class=0x0601
00035548484i[BIOS  ] PCI: bus=0 devfn=0x09: vendor_id=0x8086 device_id=0x7010 class=0x0101
00035549335i[BIOS  ] region 4: 0x0000c000
00035551393i[BIOS  ] PCI: bus=0 devfn=0x0b: vendor_id=0x8086 device_id=0x7113 class=0x0680
00035551669i[ACPI  ] new IRQ line = 11
00035551683i[ACPI  ] new IRQ line = 9
00035551753i[PCI   ] setting SMRAM control register to 0x4a
00035715888i[CPU0  ] Enter to System Management Mode
00035715899i[CPU0  ] RSM: Resuming from System Management Mode
00035879955i[PCI   ] setting SMRAM control register to 0x0a
00035906571i[BIOS  ] MP table addr=0x000f9e70 MPC table addr=0x000f9da0 size=0xc8
00035908278i[BIOS  ] SMBIOS table addr=0x000f9e80
00035910377i[BIOS  ] ACPI tables: RSDP addr=0x000f9fa0 ACPI DATA addr=0x1fff0000 size=0xff8
00035913384i[BIOS  ] Firmware waking vector 0x1fff00cc
00035915638i[PCI   ] i440FX PMC write to PAM register 59 (TLB Flush)
00035916368i[BIOS  ] bios_table_cur_addr: 0x000f9fc4
00036034488i[VBIOS ] VGABios $Id: vgabios.c 288 2021-05-28 19:05:28Z vruppert $
00036034559i[BXVGA ] VBE known Display Interface b0c0
00036034591i[BXVGA ] VBE known Display Interface b0c5
00036037234i[VBIOS ] VBE Bios $Id: vbe.c 292 2021-06-03 12:24:22Z vruppert $
00036265875i[BIOS  ] ata0-0: PCHS=20/16/63 translation=none LCHS=20/16/63
00039699807i[BIOS  ] IDE time out
00051655517i[BIOS  ] Booting from 0000:7c00
00051704274i[CPU0  ] [51704274] Stopped on MAGIC BREAKPOINT
00051704274i[XGUI  ] charmap update. Font is 9 x 16
00051735029e[CPU0  ] write_virtual_checks(): write beyond limit, r/w
00051735029e[CPU0  ] interrupt(): gate descriptor is not valid sys seg (vector=0x0d)
00051735029e[CPU0  ] interrupt(): gate descriptor is not valid sys seg (vector=0x08)
00051735029i[CPU0  ] CPU is in protected mode (active)
00051735029i[CPU0  ] CS.mode = 32 bit
00051735029i[CPU0  ] SS.mode = 32 bit
00051735029i[CPU0  ] EFER   = 0x00000000
00051735029i[CPU0  ] | EAX=02000007  EBX=00000400  ECX=0001e000  EDX=00000000
00051735029i[CPU0  ] | ESP=000001fb  EBP=00000000  ESI=00000001  EDI=00008000
00051735029i[CPU0  ] | IOPL=0 id vip vif ac vm RF nt of df if tf sf zf af pf cf
00051735029i[CPU0  ] | SEG sltr(index|ti|rpl)     base    limit G D
00051735029i[CPU0  ] |  CS:0020( 0004| 0|  0) 000005e4 0000ffff 0 1
00051735029i[CPU0  ] |  DS:0030( 0006| 0|  0) 00000160 00000179 0 0
00051735029i[CPU0  ] |  SS:0038( 0007| 0|  0) 000002e0 000001ff 0 1
00051735029i[CPU0  ] |  ES:0018( 0003| 0|  0) 00201000 00007fff 0 0
00051735029i[CPU0  ] |  FS:0000( 0005| 0|  0) 00000000 0000ffff 0 0
00051735029i[CPU0  ] |  GS:0040( 0008| 0|  0) 000b8000 0000ffff 0 0
00051735029i[CPU0  ] | EIP=0000008b (0000008b)
00051735029i[CPU0  ] | CR0=0x60000011 CR2=0x00000000
00051735029i[CPU0  ] | CR3=0x00000000 CR4=0x00000000
00051735029e[CPU0  ] exception(): 3rd (13) exception with no resolution, shutdown status is 00h, resetting
00051735029i[SYS   ] bx_pc_system_c::Reset(HARDWARE) called
00051735029i[CPU0  ] cpu hardware reset
00051735029i[APIC0 ] allocate APIC id=0 (MMIO enabled) to 0x0000fee00000
00051735029i[CPU0  ] CPUID[0x00000000]: 00000005 756e6547 6c65746e 49656e69
00051735029i[CPU0  ] CPUID[0x00000001]: 00000633 00010800 00000008 0fcbfbff
00051735029i[CPU0  ] CPUID[0x00000002]: 00410601 00000000 00000000 00000000
00051735029i[CPU0  ] CPUID[0x00000003]: 00000000 00000000 00000000 00000000
00051735029i[CPU0  ] CPUID[0x00000004]: 00000000 00000000 00000000 00000000
00051735029i[CPU0  ] CPUID[0x00000005]: 00000040 00000040 00000003 00000020
00051735029i[CPU0  ] CPUID[0x80000000]: 80000008 00000000 00000000 00000000
00051735029i[CPU0  ] CPUID[0x80000001]: 00000000 00000000 00000000 00000000
00051735029i[CPU0  ] CPUID[0x80000002]: 20202020 20202020 20202020 6e492020
00051735029i[CPU0  ] CPUID[0x80000003]: 286c6574 50202952 69746e65 52286d75
00051735029i[CPU0  ] CPUID[0x80000004]: 20342029 20555043 20202020 00202020
00051735029i[CPU0  ] CPUID[0x80000005]: 01ff01ff 01ff01ff 40020140 40020140
00051735029i[CPU0  ] CPUID[0x80000006]: 00000000 42004200 02008140 00000000
00051735029i[CPU0  ] CPUID[0x80000007]: 00000000 00000000 00000000 00000000
00051735029i[CPU0  ] CPUID[0x80000008]: 00002028 00000000 00000000 00000000
00051735029i[CPU0  ] CPU Features supported:
00051735029i[CPU0  ] 		x87
00051735029i[CPU0  ] 		486ni
00051735029i[CPU0  ] 		pentium_ni
00051735029i[CPU0  ] 		p6ni
00051735029i[CPU0  ] 		mmx
00051735029i[CPU0  ] 		debugext
00051735029i[CPU0  ] 		vme
00051735029i[CPU0  ] 		pse
00051735029i[CPU0  ] 		pae
00051735029i[CPU0  ] 		pge
00051735029i[CPU0  ] 		pse36
00051735029i[CPU0  ] 		mtrr
00051735029i[CPU0  ] 		pat
00051735029i[CPU0  ] 		sysenter_sysexit
00051735029i[CPU0  ] 		clflush
00051735029i[CPU0  ] 		sse
00051735029i[CPU0  ] 		sse2
00051735029i[CPU0  ] 		mwait
00051735029i[CPU0  ] 		xapic
00051735029i[PLUGIN] reset of 'pci' plugin device by virtual method
00051735029i[PLUGIN] reset of 'pci2isa' plugin device by virtual method
00051735029i[PLUGIN] reset of 'cmos' plugin device by virtual method
00051735029i[PLUGIN] reset of 'dma' plugin device by virtual method
00051735029i[PLUGIN] reset of 'pic' plugin device by virtual method
00051735029i[PLUGIN] reset of 'pit' plugin device by virtual method
00051735029i[PLUGIN] reset of 'vga' plugin device by virtual method
00051735029i[PLUGIN] reset of 'floppy' plugin device by virtual method
00051735029i[PLUGIN] reset of 'acpi' plugin device by virtual method
00051735029i[PLUGIN] reset of 'hpet' plugin device by virtual method
00051735029i[PLUGIN] reset of 'ioapic' plugin device by virtual method
00051735029i[PLUGIN] reset of 'keyboard' plugin device by virtual method
00051735029i[PLUGIN] reset of 'harddrv' plugin device by virtual method
00051735029i[PLUGIN] reset of 'pci_ide' plugin device by virtual method
00051735029i[PLUGIN] reset of 'unmapped' plugin device by virtual method
00051735029i[PLUGIN] reset of 'biosdev' plugin device by virtual method
00051735029i[PLUGIN] reset of 'speaker' plugin device by virtual method
00051735029i[PLUGIN] reset of 'extfpuirq' plugin device by virtual method
00051735029i[PLUGIN] reset of 'parallel' plugin device by virtual method
00051735029i[PLUGIN] reset of 'serial' plugin device by virtual method
00051735029i[PLUGIN] reset of 'iodebug' plugin device by virtual method
00051735030i[      ] dbg: Quit
00051735030i[CPU0  ] CPU is in real mode (active)
00051735030i[CPU0  ] CS.mode = 16 bit
00051735030i[CPU0  ] SS.mode = 16 bit
00051735030i[CPU0  ] EFER   = 0x00000000
00051735030i[CPU0  ] | EAX=00000000  EBX=00000000  ECX=00000000  EDX=00000000
00051735030i[CPU0  ] | ESP=00000000  EBP=00000000  ESI=00000000  EDI=00000000
00051735030i[CPU0  ] | IOPL=0 id vip vif ac vm rf nt of df if tf sf zf af pf cf
00051735030i[CPU0  ] | SEG sltr(index|ti|rpl)     base    limit G D
00051735030i[CPU0  ] |  CS:f000( 1e00| 0|  0) ffff0000 0000ffff 0 0
00051735030i[CPU0  ] |  DS:0000( 0000| 0|  0) 00000000 0000ffff 0 0
00051735030i[CPU0  ] |  SS:0000( 0000| 0|  0) 00000000 0000ffff 0 0
00051735030i[CPU0  ] |  ES:0000( 0000| 0|  0) 00000000 0000ffff 0 0
00051735030i[CPU0  ] |  FS:0000( 0000| 0|  0) 00000000 0000ffff 0 0
00051735030i[CPU0  ] |  GS:0000( 0000| 0|  0) 00000000 0000ffff 0 0
00051735030i[CPU0  ] | EIP=0000fff0 (0000fff0)
00051735030i[CPU0  ] | CR0=0x60000010 CR2=0x00000000
00051735030i[CPU0  ] | CR3=0x00000000 CR4=0x00000000
00051735030i[CMOS  ] Last time is 1706458494 (Mon Jan 29 00:14:54 2024)
00051735030i[XGUI  ] Exit
00051735030i[SIM   ] quit_sim called with exit code 0
